<?xml version="1.0" encoding="UTF-8"?>
<!-- Generated by org.testng.reporters.JUnitReportReporter -->
<testsuite hostname="Jagan-PC" failures="0" tests="3" name="com.crm.qa.testcases.LoginPageTest" time="62.702" errors="0" timestamp="27 May 2020 04:40:38 GMT" skipped="0">
  <testcase classname="com.crm.qa.testcases.LoginPageTest" name="logintitletest" time="15.175"/>
  <testcase classname="com.crm.qa.testcases.LoginPageTest" name="crmlogotest" time="12.567"/>
  <testcase classname="com.crm.qa.testcases.LoginPageTest" name="login" time="34.960"/>
</testsuite> <!-- com.crm.qa.testcases.LoginPageTest -->
